<?xml version="1.0" encoding="UTF-8"?>
<coverage generated="1713746177770" clover="3.2.0">
  <project timestamp="1713746177771" name="All files">
    <metrics statements="39" coveredstatements="23" conditionals="8" coveredconditionals="6" methods="11" coveredmethods="4" elements="58" coveredelements="33" complexity="0" loc="39" ncloc="39" packages="2" files="2" classes="2"/>
    <package name="components">
      <metrics statements="21" coveredstatements="16" conditionals="8" coveredconditionals="6" methods="5" coveredmethods="4"/>
      <file name="Blog.jsx" path="D:\GiovaniFlores\CODE\Repositories\FullstackOpenCourse\part5\bloglist-frontend\src\components\Blog.jsx">
        <metrics statements="21" coveredstatements="16" conditionals="8" coveredconditionals="6" methods="5" coveredmethods="4"/>
        <line num="5" count="1" type="stmt"/>
        <line num="6" count="6" type="stmt"/>
        <line num="7" count="6" type="cond" truecount="2" falsecount="0"/>
        <line num="9" count="6" type="cond" truecount="2" falsecount="0"/>
        <line num="11" count="6" type="stmt"/>
        <line num="19" count="6" type="stmt"/>
        <line num="20" count="2" type="stmt"/>
        <line num="21" count="2" type="stmt"/>
        <line num="22" count="2" type="stmt"/>
        <line num="23" count="2" type="stmt"/>
        <line num="26" count="6" type="stmt"/>
        <line num="27" count="6" type="stmt"/>
        <line num="30" count="6" type="stmt"/>
        <line num="31" count="0" type="stmt"/>
        <line num="32" count="0" type="stmt"/>
        <line num="35" count="0" type="cond" truecount="0" falsecount="2"/>
        <line num="36" count="0" type="stmt"/>
        <line num="37" count="0" type="stmt"/>
        <line num="40" count="6" type="stmt"/>
        <line num="44" count="1" type="stmt"/>
        <line num="61" count="1" type="stmt"/>
      </file>
    </package>
    <package name="services">
      <metrics statements="18" coveredstatements="7" conditionals="0" coveredconditionals="0" methods="6" coveredmethods="0"/>
      <file name="blogs.js" path="D:\GiovaniFlores\CODE\Repositories\FullstackOpenCourse\part5\bloglist-frontend\src\services\blogs.js">
        <metrics statements="18" coveredstatements="7" conditionals="0" coveredconditionals="0" methods="6" coveredmethods="0"/>
        <line num="3" count="1" type="stmt"/>
        <line num="5" count="1" type="stmt"/>
        <line num="6" count="0" type="stmt"/>
        <line num="9" count="1" type="stmt"/>
        <line num="10" count="0" type="stmt"/>
        <line num="11" count="0" type="stmt"/>
        <line num="14" count="1" type="stmt"/>
        <line num="15" count="0" type="stmt"/>
        <line num="16" count="0" type="stmt"/>
        <line num="19" count="1" type="stmt"/>
        <line num="20" count="0" type="stmt"/>
        <line num="21" count="0" type="stmt"/>
        <line num="22" count="0" type="stmt"/>
        <line num="25" count="1" type="stmt"/>
        <line num="26" count="0" type="stmt"/>
        <line num="27" count="0" type="stmt"/>
        <line num="30" count="1" type="stmt"/>
        <line num="31" count="0" type="stmt"/>
      </file>
    </package>
  </project>
</coverage>
