{"D:\\GiovaniFlores\\CODE\\Repositories\\FullstackOpenCourse\\part5\\bloglist-frontend\\src\\components\\Blog.jsx": {"path":"D:\\GiovaniFlores\\CODE\\Repositories\\FullstackOpenCourse\\part5\\bloglist-frontend\\src\\components\\Blog.jsx","statementMap":{"0":{"start":{"line":5,"column":20},"end":{"line":59,"column":1}},"1":{"start":{"line":6,"column":32},"end":{"line":6,"column":47}},"2":{"start":{"line":7,"column":26},"end":{"line":7,"column":60}},"3":{"start":{"line":9,"column":22},"end":{"line":9,"column":63}},"4":{"start":{"line":11,"column":20},"end":{"line":17,"column":3}},"5":{"start":{"line":19,"column":21},"end":{"line":24,"column":3}},"6":{"start":{"line":20,"column":4},"end":{"line":20,"column":27}},"7":{"start":{"line":21,"column":4},"end":{"line":21,"column":17}},"8":{"start":{"line":22,"column":21},"end":{"line":22,"column":45}},"9":{"start":{"line":23,"column":4},"end":{"line":23,"column":21}},"10":{"start":{"line":26,"column":20},"end":{"line":28,"column":3}},"11":{"start":{"line":27,"column":4},"end":{"line":27,"column":47}},"12":{"start":{"line":30,"column":23},"end":{"line":38,"column":3}},"13":{"start":{"line":31,"column":4},"end":{"line":31,"column":27}},"14":{"start":{"line":32,"column":25},"end":{"line":34,"column":5}},"15":{"start":{"line":35,"column":4},"end":{"line":35,"column":30}},"16":{"start":{"line":35,"column":23},"end":{"line":35,"column":30}},"17":{"start":{"line":36,"column":4},"end":{"line":36,"column":32}},"18":{"start":{"line":37,"column":4},"end":{"line":37,"column":22}},"19":{"start":{"line":40,"column":2},"end":{"line":58,"column":4}},"20":{"start":{"line":44,"column":31},"end":{"line":44,"column":51}},"21":{"start":{"line":61,"column":0},"end":{"line":65,"column":2}}},"fnMap":{"0":{"name":"(anonymous_0)","decl":{"start":{"line":5,"column":20},"end":{"line":5,"column":21}},"loc":{"start":{"line":5,"column":65},"end":{"line":59,"column":1}},"line":5},"1":{"name":"(anonymous_1)","decl":{"start":{"line":19,"column":21},"end":{"line":19,"column":22}},"loc":{"start":{"line":19,"column":38},"end":{"line":24,"column":3}},"line":19},"2":{"name":"(anonymous_2)","decl":{"start":{"line":26,"column":20},"end":{"line":26,"column":21}},"loc":{"start":{"line":26,"column":26},"end":{"line":28,"column":3}},"line":26},"3":{"name":"(anonymous_3)","decl":{"start":{"line":30,"column":23},"end":{"line":30,"column":24}},"loc":{"start":{"line":30,"column":40},"end":{"line":38,"column":3}},"line":30},"4":{"name":"(anonymous_4)","decl":{"start":{"line":44,"column":25},"end":{"line":44,"column":26}},"loc":{"start":{"line":44,"column":31},"end":{"line":44,"column":51}},"line":44}},"branchMap":{"0":{"loc":{"start":{"line":7,"column":37},"end":{"line":7,"column":58}},"type":"cond-expr","locations":[{"start":{"line":7,"column":47},"end":{"line":7,"column":49}},{"start":{"line":7,"column":52},"end":{"line":7,"column":58}}],"line":7},"1":{"loc":{"start":{"line":9,"column":22},"end":{"line":9,"column":63}},"type":"cond-expr","locations":[{"start":{"line":9,"column":32},"end":{"line":9,"column":46}},{"start":{"line":9,"column":49},"end":{"line":9,"column":63}}],"line":9},"2":{"loc":{"start":{"line":35,"column":4},"end":{"line":35,"column":30}},"type":"if","locations":[{"start":{"line":35,"column":4},"end":{"line":35,"column":30}},{"start":{},"end":{}}],"line":35},"3":{"loc":{"start":{"line":56,"column":7},"end":{"line":56,"column":68}},"type":"binary-expr","locations":[{"start":{"line":56,"column":7},"end":{"line":56,"column":18}},{"start":{"line":56,"column":22},"end":{"line":56,"column":68}}],"line":56}},"s":{"0":1,"1":6,"2":6,"3":6,"4":6,"5":6,"6":2,"7":2,"8":2,"9":2,"10":6,"11":6,"12":6,"13":0,"14":0,"15":0,"16":0,"17":0,"18":0,"19":6,"20":1,"21":1},"f":{"0":6,"1":2,"2":6,"3":0,"4":1},"b":{"0":[1,5],"1":[1,5],"2":[0,0],"3":[6,6]},"_coverageSchema":"1a1c01bbd47fc00a2c39e90264f33305004495a9","hash":"c4b8f3de80ba8ace92e288bd7cb44a481c9af165"}
,"D:\\GiovaniFlores\\CODE\\Repositories\\FullstackOpenCourse\\part5\\bloglist-frontend\\src\\services\\blogs.js": {"path":"D:\\GiovaniFlores\\CODE\\Repositories\\FullstackOpenCourse\\part5\\bloglist-frontend\\src\\services\\blogs.js","statementMap":{"0":{"start":{"line":3,"column":16},"end":{"line":3,"column":28}},"1":{"start":{"line":5,"column":17},"end":{"line":7,"column":1}},"2":{"start":{"line":6,"column":2},"end":{"line":6,"column":30}},"3":{"start":{"line":9,"column":15},"end":{"line":12,"column":1}},"4":{"start":{"line":10,"column":19},"end":{"line":10,"column":43}},"5":{"start":{"line":11,"column":2},"end":{"line":11,"column":22}},"6":{"start":{"line":14,"column":15},"end":{"line":17,"column":1}},"7":{"start":{"line":15,"column":19},"end":{"line":15,"column":67}},"8":{"start":{"line":16,"column":2},"end":{"line":16,"column":22}},"9":{"start":{"line":19,"column":15},"end":{"line":23,"column":1}},"10":{"start":{"line":20,"column":19},"end":{"line":20,"column":50}},"11":{"start":{"line":21,"column":19},"end":{"line":21,"column":72}},"12":{"start":{"line":22,"column":2},"end":{"line":22,"column":22}},"13":{"start":{"line":25,"column":15},"end":{"line":28,"column":1}},"14":{"start":{"line":26,"column":19},"end":{"line":26,"column":41}},"15":{"start":{"line":27,"column":2},"end":{"line":27,"column":44}},"16":{"start":{"line":30,"column":19},"end":{"line":34,"column":1}},"17":{"start":{"line":31,"column":2},"end":{"line":33,"column":3}}},"fnMap":{"0":{"name":"(anonymous_0)","decl":{"start":{"line":5,"column":17},"end":{"line":5,"column":18}},"loc":{"start":{"line":5,"column":31},"end":{"line":7,"column":1}},"line":5},"1":{"name":"(anonymous_1)","decl":{"start":{"line":9,"column":15},"end":{"line":9,"column":16}},"loc":{"start":{"line":9,"column":27},"end":{"line":12,"column":1}},"line":9},"2":{"name":"(anonymous_2)","decl":{"start":{"line":14,"column":15},"end":{"line":14,"column":16}},"loc":{"start":{"line":14,"column":34},"end":{"line":17,"column":1}},"line":14},"3":{"name":"(anonymous_3)","decl":{"start":{"line":19,"column":15},"end":{"line":19,"column":16}},"loc":{"start":{"line":19,"column":39},"end":{"line":23,"column":1}},"line":19},"4":{"name":"(anonymous_4)","decl":{"start":{"line":25,"column":15},"end":{"line":25,"column":16}},"loc":{"start":{"line":25,"column":33},"end":{"line":28,"column":1}},"line":25},"5":{"name":"(anonymous_5)","decl":{"start":{"line":30,"column":19},"end":{"line":30,"column":20}},"loc":{"start":{"line":30,"column":25},"end":{"line":34,"column":1}},"line":30}},"branchMap":{},"s":{"0":1,"1":1,"2":0,"3":1,"4":0,"5":0,"6":1,"7":0,"8":0,"9":1,"10":0,"11":0,"12":0,"13":1,"14":0,"15":0,"16":1,"17":0},"f":{"0":0,"1":0,"2":0,"3":0,"4":0,"5":0},"b":{},"_coverageSchema":"1a1c01bbd47fc00a2c39e90264f33305004495a9","hash":"031aed76dbf4abeb5f2f9e0cc5106e19d639bdaa"}
}
