TN:
SF:src\components\Blog.jsx
FN:5,(anonymous_0)
FN:19,(anonymous_1)
FN:26,(anonymous_2)
FN:30,(anonymous_3)
FN:44,(anonymous_4)
FNF:5
FNH:4
FNDA:6,(anonymous_0)
FNDA:2,(anonymous_1)
FNDA:6,(anonymous_2)
FNDA:0,(anonymous_3)
FNDA:1,(anonymous_4)
DA:5,1
DA:6,6
DA:7,6
DA:9,6
DA:11,6
DA:19,6
DA:20,2
DA:21,2
DA:22,2
DA:23,2
DA:26,6
DA:27,6
DA:30,6
DA:31,0
DA:32,0
DA:35,0
DA:36,0
DA:37,0
DA:40,6
DA:44,1
DA:61,1
LF:21
LH:16
BRDA:7,0,0,1
BRDA:7,0,1,5
BRDA:9,1,0,1
BRDA:9,1,1,5
BRDA:35,2,0,0
BRDA:35,2,1,0
BRDA:56,3,0,6
BRDA:56,3,1,6
BRF:8
BRH:6
end_of_record
TN:
SF:src\services\blogs.js
FN:5,(anonymous_0)
FN:9,(anonymous_1)
FN:14,(anonymous_2)
FN:19,(anonymous_3)
FN:25,(anonymous_4)
FN:30,(anonymous_5)
FNF:6
FNH:0
FNDA:0,(anonymous_0)
FNDA:0,(anonymous_1)
FNDA:0,(anonymous_2)
FNDA:0,(anonymous_3)
FNDA:0,(anonymous_4)
FNDA:0,(anonymous_5)
DA:3,1
DA:5,1
DA:6,0
DA:9,1
DA:10,0
DA:11,0
DA:14,1
DA:15,0
DA:16,0
DA:19,1
DA:20,0
DA:21,0
DA:22,0
DA:25,1
DA:26,0
DA:27,0
DA:30,1
DA:31,0
LF:18
LH:7
BRF:0
BRH:0
end_of_record
